Path to tx is C:\Development\MP-TVSeries.
Config file is C:\Development\MP-TVSeries\.tx\config
.transifexrc file is at C:\Users\Damien
Handling resource MP1_CommunityPlugins.mp-tvseries
Language mapping is: Flipdict({'en': 'en-US'})
URL data are: {'project': 'MP1_CommunityPlugins', 'host': 'https://www.transifex.com', 'resource': 'mp-tvseries'}
https://www.transifex.com/api/2/project/MP1_CommunityPlugins/resource/mp-tvseries/stats/
Statistics response is {
    "el": {
        "reviewed_percentage": "0%",
        "completed": "89%",
        "untranslated_words": 111,
        "last_commiter": "chefkoch",
        "reviewed": 0,
        "translated_entities": 275,
        "translated_words": 682,
        "last_update": "2013-02-28 00:50:28",
        "untranslated_entities": 33
    },
    "en": {
        "reviewed_percentage": "0%",
        "completed": "100%",
        "untranslated_words": 0,
        "last_commiter": "chefkoch",
        "reviewed": 0,
        "translated_entities": 308,
        "translated_words": 793,
        "last_update": "2013-02-27 23:06:14",
        "untranslated_entities": 0
    },
    "zh": {
        "reviewed_percentage": "0%",
        "completed": "10%",
        "untranslated_words": 753,
        "last_commiter": "",
        "reviewed": 0,
        "translated_entities": 32,
        "translated_words": 40,
        "last_update": "2013-02-28 01:10:15",
        "untranslated_entities": 276
    },
    "is": {
        "reviewed_percentage": "0%",
        "completed": "15%",
        "untranslated_words": 740,
        "last_commiter": "",
        "reviewed": 0,
        "translated_entities": 49,
        "translated_words": 53,
        "last_update": "2013-03-01 12:40:16",
        "untranslated_entities": 259
    },
    "it": {
        "reviewed_percentage": "0%",
        "completed": "76%",
        "untranslated_words": 253,
        "last_commiter": "chefkoch",
        "reviewed": 0,
        "translated_entities": 235,
        "translated_words": 540,
        "last_update": "2013-02-28 01:30:17",
        "untranslated_entities": 73
    },
    "cs": {
        "reviewed_percentage": "0%",
        "completed": "100%",
        "untranslated_words": 0,
        "last_commiter": "chefkoch",
        "reviewed": 0,
        "translated_entities": 308,
        "translated_words": 793,
        "last_update": "2013-02-27 23:09:41",
        "untranslated_entities": 0
    },
    "et": {
        "reviewed_percentage": "0%",
        "completed": "0%",
        "untranslated_words": 793,
        "last_commiter": "",
        "reviewed": 0,
        "translated_entities": 0,
        "translated_words": 0,
        "last_update": "2013-02-28 21:23:23",
        "untranslated_entities": 308
    },
    "id": {
        "reviewed_percentage": "0%",
        "completed": "0%",
        "untranslated_words": 793,
        "last_commiter": "",
        "reviewed": 0,
        "translated_entities": 0,
        "translated_words": 0,
        "last_update": "2013-02-28 21:23:23",
        "untranslated_entities": 308
    },
    "es": {
        "reviewed_percentage": "0%",
        "completed": "92%",
        "untranslated_words": 82,
        "last_commiter": "chefkoch",
        "reviewed": 0,
        "translated_entities": 286,
        "translated_words": 711,
        "last_update": "2013-02-28 01:20:19",
        "untranslated_entities": 22
    },
    "ru": {
        "reviewed_percentage": "0%",
        "completed": "92%",
        "untranslated_words": 56,
        "last_commiter": "chefkoch",
        "reviewed": 0,
        "translated_entities": 285,
        "translated_words": 737,
        "last_update": "2013-02-27 23:50:28",
        "untranslated_entities": 23
    },
    "nl": {
        "reviewed_percentage": "0%",
        "completed": "100%",
        "untranslated_words": 0,
        "last_commiter": "chefkoch",
        "reviewed": 0,
        "translated_entities": 308,
        "translated_words": 793,
        "last_update": "2013-02-27 23:31:41",
        "untranslated_entities": 0
    },
    "pt": {
        "reviewed_percentage": "0%",
        "completed": "25%",
        "untranslated_words": 640,
        "last_commiter": "chefkoch",
        "reviewed": 0,
        "translated_entities": 80,
        "translated_words": 153,
        "last_update": "2013-02-28 01:30:17",
        "untranslated_entities": 228
    },
    "no": {
        "reviewed_percentage": "0%",
        "completed": "29%",
        "untranslated_words": 626,
        "last_commiter": "chefkoch",
        "reviewed": 0,
        "translated_entities": 91,
        "translated_words": 167,
        "last_update": "2013-02-27 23:50:28",
        "untranslated_entities": 217
    },
    "nb": {
        "reviewed_percentage": "0%",
        "completed": "34%",
        "untranslated_words": 509,
        "last_commiter": "chefkoch",
        "reviewed": 0,
        "translated_entities": 106,
        "translated_words": 284,
        "last_update": "2013-02-27 23:40:46",
        "untranslated_entities": 202
    },
    "tr": {
        "reviewed_percentage": "0%",
        "completed": "0%",
        "untranslated_words": 793,
        "last_commiter": "",
        "reviewed": 0,
        "translated_entities": 0,
        "translated_words": 0,
        "last_update": "2013-02-28 21:23:23",
        "untranslated_entities": 308
    },
    "lt": {
        "reviewed_percentage": "0%",
        "completed": "0%",
        "untranslated_words": 793,
        "last_commiter": "",
        "reviewed": 0,
        "translated_entities": 0,
        "translated_words": 0,
        "last_update": "2013-02-28 21:23:23",
        "untranslated_entities": 308
    },
    "ca": {
        "reviewed_percentage": "0%",
        "completed": "0%",
        "untranslated_words": 793,
        "last_commiter": "",
        "reviewed": 0,
        "translated_entities": 0,
        "translated_words": 0,
        "last_update": "2013-02-28 21:23:23",
        "untranslated_entities": 308
    },
    "pl": {
        "reviewed_percentage": "0%",
        "completed": "91%",
        "untranslated_words": 82,
        "last_commiter": "chefkoch",
        "reviewed": 0,
        "translated_entities": 282,
        "translated_words": 711,
        "last_update": "2013-02-28 01:10:15",
        "untranslated_entities": 26
    },
    "fr": {
        "reviewed_percentage": "0%",
        "completed": "100%",
        "untranslated_words": 0,
        "last_commiter": "chefkoch",
        "reviewed": 0,
        "translated_entities": 308,
        "translated_words": 793,
        "last_update": "2013-02-27 23:29:51",
        "untranslated_entities": 0
    },
    "pt_BR": {
        "reviewed_percentage": "0%",
        "completed": "80%",
        "untranslated_words": 198,
        "last_commiter": "chefkoch",
        "reviewed": 0,
        "translated_entities": 247,
        "translated_words": 595,
        "last_update": "2013-02-28 01:30:17",
        "untranslated_entities": 61
    },
    "hr": {
        "reviewed_percentage": "0%",
        "completed": "8%",
        "untranslated_words": 764,
        "last_commiter": "",
        "reviewed": 0,
        "translated_entities": 27,
        "translated_words": 29,
        "last_update": "2013-02-27 23:40:47",
        "untranslated_entities": 281
    },
    "de": {
        "reviewed_percentage": "0%",
        "completed": "89%",
        "untranslated_words": 125,
        "last_commiter": "chefkoch",
        "reviewed": 0,
        "translated_entities": 275,
        "translated_words": 668,
        "last_update": "2013-02-28 01:20:18",
        "untranslated_entities": 33
    },
    "da": {
        "reviewed_percentage": "0%",
        "completed": "94%",
        "untranslated_words": 47,
        "last_commiter": "chefkoch",
        "reviewed": 0,
        "translated_entities": 292,
        "translated_words": 746,
        "last_update": "2013-02-28 00:50:28",
        "untranslated_entities": 16
    },
    "hi": {
        "reviewed_percentage": "0%",
        "completed": "0%",
        "untranslated_words": 793,
        "last_commiter": "",
        "reviewed": 0,
        "translated_entities": 0,
        "translated_words": 0,
        "last_update": "2013-02-28 21:23:23",
        "untranslated_entities": 308
    },
    "fi": {
        "reviewed_percentage": "0%",
        "completed": "91%",
        "untranslated_words": 81,
        "last_commiter": "chefkoch",
        "reviewed": 0,
        "translated_entities": 283,
        "translated_words": 712,
        "last_update": "2013-02-28 00:50:28",
        "untranslated_entities": 25
    },
    "hu": {
        "reviewed_percentage": "0%",
        "completed": "0%",
        "untranslated_words": 793,
        "last_commiter": "",
        "reviewed": 0,
        "translated_entities": 0,
        "translated_words": 0,
        "last_update": "2013-02-28 21:23:23",
        "untranslated_entities": 308
    },
    "he": {
        "reviewed_percentage": "0%",
        "completed": "48%",
        "untranslated_words": 461,
        "last_commiter": "chefkoch",
        "reviewed": 0,
        "translated_entities": 149,
        "translated_words": 332,
        "last_update": "2013-02-27 23:40:46",
        "untranslated_entities": 159
    },
    "sr": {
        "reviewed_percentage": "0%",
        "completed": "0%",
        "untranslated_words": 793,
        "last_commiter": "",
        "reviewed": 0,
        "translated_entities": 0,
        "translated_words": 0,
        "last_update": "2013-02-28 21:23:23",
        "untranslated_entities": 308
    },
    "ko": {
        "reviewed_percentage": "0%",
        "completed": "80%",
        "untranslated_words": 198,
        "last_commiter": "chefkoch",
        "reviewed": 0,
        "translated_entities": 247,
        "translated_words": 595,
        "last_update": "2013-02-27 23:40:46",
        "untranslated_entities": 61
    },
    "sv": {
        "reviewed_percentage": "0%",
        "completed": "78%",
        "untranslated_words": 243,
        "last_commiter": "chefkoch",
        "reviewed": 0,
        "translated_entities": 242,
        "translated_words": 550,
        "last_update": "2013-02-28 01:30:17",
        "untranslated_entities": 66
    },
    "sk": {
        "reviewed_percentage": "0%",
        "completed": "8%",
        "untranslated_words": 764,
        "last_commiter": "",
        "reviewed": 0,
        "translated_entities": 27,
        "translated_words": 29,
        "last_update": "2013-02-27 23:50:28",
        "untranslated_entities": 281
    },
    "uk": {
        "reviewed_percentage": "0%",
        "completed": "0%",
        "untranslated_words": 793,
        "last_commiter": "",
        "reviewed": 0,
        "translated_entities": 0,
        "translated_words": 0,
        "last_update": "2013-02-28 21:23:23",
        "untranslated_entities": 308
    },
    "sl": {
        "reviewed_percentage": "0%",
        "completed": "8%",
        "untranslated_words": 765,
        "last_commiter": "",
        "reviewed": 0,
        "translated_entities": 26,
        "translated_words": 28,
        "last_update": "2013-02-27 23:50:27",
        "untranslated_entities": 282
    }
}
Available languages are: [u'el', u'en', u'zh', u'is', u'it', u'cs', u'et', u'id', u'es', u'ru', u'nl', u'pt', u'no', u'nb', u'tr', u'lt', u'ca', u'pl', u'fr', u'pt_BR', u'hr', u'de', u'da', u'hi', u'fi', u'hu', u'he', u'sr', u'ko', u'sv', u'sk', u'uk', u'sl']
Downloading translation due to -f
Downloading translation due to -f
Downloading translation due to -f
Downloading translation due to -f
Downloading translation due to -f
Downloading translation due to -f
Downloading translation due to -f
Downloading translation due to -f
Downloading translation due to -f
Downloading translation due to -f
Downloading translation due to -f
Downloading translation due to -f
Downloading translation due to -f
Downloading translation due to -f
Downloading translation due to -f
Downloading translation due to -f
New translations found for the following languages: zh, pt_BR, hr, sr, is, tr, nb, sk, lt, hi, uk, sl, et, ca, hu, id
Adding to new translations: set([])
Pulling languages for: set(['el', 'fr', 'en', 'de', 'it', 'da', 'cs', 'pt-BR', 'ru_iso1251', 'fi', 'es', 'he', 'ru', 'nl', 'pt', 'no', 'ko', 'sv', 'no-NB', 'pl'])
Pulling translations for resource MP1_CommunityPlugins.mp-tvseries (source: MP-TVSeries\Resources\Languages\en-US.xml)
Using file MP-TVSeries\Resources\Languages\el.xml
Downloading translation due to -f
 -> el: MP-TVSeries\Resources\Languages\el.xml
https://www.transifex.com/api/2/project/MP1_CommunityPlugins/resource/mp-tvseries/translation/el/?file
Using file MP-TVSeries\Resources\Languages\fr.xml
Downloading translation due to -f
 -> fr: MP-TVSeries\Resources\Languages\fr.xml
https://www.transifex.com/api/2/project/MP1_CommunityPlugins/resource/mp-tvseries/translation/fr/?file
Using file MP-TVSeries\Resources\Languages\en-US.xml
Downloading translation due to -f
 -> en: MP-TVSeries\Resources\Languages\en-US.xml
https://www.transifex.com/api/2/project/MP1_CommunityPlugins/resource/mp-tvseries/translation/en/?file
Using file MP-TVSeries\Resources\Languages\de.xml
Downloading translation due to -f
 -> de: MP-TVSeries\Resources\Languages\de.xml
https://www.transifex.com/api/2/project/MP1_CommunityPlugins/resource/mp-tvseries/translation/de/?file
Using file MP-TVSeries\Resources\Languages\it.xml
Downloading translation due to -f
 -> it: MP-TVSeries\Resources\Languages\it.xml
https://www.transifex.com/api/2/project/MP1_CommunityPlugins/resource/mp-tvseries/translation/it/?file
Using file MP-TVSeries\Resources\Languages\da.xml
Downloading translation due to -f
 -> da: MP-TVSeries\Resources\Languages\da.xml
https://www.transifex.com/api/2/project/MP1_CommunityPlugins/resource/mp-tvseries/translation/da/?file
Using file MP-TVSeries\Resources\Languages\cs.xml
Downloading translation due to -f
 -> cs: MP-TVSeries\Resources\Languages\cs.xml
https://www.transifex.com/api/2/project/MP1_CommunityPlugins/resource/mp-tvseries/translation/cs/?file
Using file MP-TVSeries\Resources\Languages\pt-BR.xml
No lang pt-BR in statistics
Skipping 'pt-BR' translation (file: MP-TVSeries\Resources\Languages\pt-BR.xml).
Using file MP-TVSeries\Resources\Languages\ru_iso1251.xml
No lang ru_iso1251 in statistics
Skipping 'ru_iso1251' translation (file: MP-TVSeries\Resources\Languages\ru_iso1251.xml).
Using file MP-TVSeries\Resources\Languages\fi.xml
Downloading translation due to -f
 -> fi: MP-TVSeries\Resources\Languages\fi.xml
https://www.transifex.com/api/2/project/MP1_CommunityPlugins/resource/mp-tvseries/translation/fi/?file
Using file MP-TVSeries\Resources\Languages\es.xml
Downloading translation due to -f
 -> es: MP-TVSeries\Resources\Languages\es.xml
https://www.transifex.com/api/2/project/MP1_CommunityPlugins/resource/mp-tvseries/translation/es/?file
Using file MP-TVSeries\Resources\Languages\he.xml
Downloading translation due to -f
 -> he: MP-TVSeries\Resources\Languages\he.xml
https://www.transifex.com/api/2/project/MP1_CommunityPlugins/resource/mp-tvseries/translation/he/?file
Using file MP-TVSeries\Resources\Languages\ru.xml
Downloading translation due to -f
 -> ru: MP-TVSeries\Resources\Languages\ru.xml
https://www.transifex.com/api/2/project/MP1_CommunityPlugins/resource/mp-tvseries/translation/ru/?file
Using file MP-TVSeries\Resources\Languages\nl.xml
Downloading translation due to -f
 -> nl: MP-TVSeries\Resources\Languages\nl.xml
https://www.transifex.com/api/2/project/MP1_CommunityPlugins/resource/mp-tvseries/translation/nl/?file
Using file MP-TVSeries\Resources\Languages\pt.xml
Downloading translation due to -f
 -> pt: MP-TVSeries\Resources\Languages\pt.xml
https://www.transifex.com/api/2/project/MP1_CommunityPlugins/resource/mp-tvseries/translation/pt/?file
Using file MP-TVSeries\Resources\Languages\no.xml
Downloading translation due to -f
 -> no: MP-TVSeries\Resources\Languages\no.xml
https://www.transifex.com/api/2/project/MP1_CommunityPlugins/resource/mp-tvseries/translation/no/?file
Using file MP-TVSeries\Resources\Languages\ko.xml
Downloading translation due to -f
 -> ko: MP-TVSeries\Resources\Languages\ko.xml
https://www.transifex.com/api/2/project/MP1_CommunityPlugins/resource/mp-tvseries/translation/ko/?file
Using file MP-TVSeries\Resources\Languages\sv.xml
Downloading translation due to -f
 -> sv: MP-TVSeries\Resources\Languages\sv.xml
https://www.transifex.com/api/2/project/MP1_CommunityPlugins/resource/mp-tvseries/translation/sv/?file
Using file MP-TVSeries\Resources\Languages\no-NB.xml
No lang no-NB in statistics
Skipping 'no-NB' translation (file: MP-TVSeries\Resources\Languages\no-NB.xml).
Using file MP-TVSeries\Resources\Languages\pl.xml
Downloading translation due to -f
 -> pl: MP-TVSeries\Resources\Languages\pl.xml
https://www.transifex.com/api/2/project/MP1_CommunityPlugins/resource/mp-tvseries/translation/pl/?file
Pulling new translations for resource MP1_CommunityPlugins.mp-tvseries (source: MP-TVSeries\Resources\Languages\en-US.xml)
 -> zh: MP-TVSeries\Resources\Languages\zh.xml
https://www.transifex.com/api/2/project/MP1_CommunityPlugins/resource/mp-tvseries/translation/zh/?file
 -> pt_BR: MP-TVSeries\Resources\Languages\pt_BR.xml
https://www.transifex.com/api/2/project/MP1_CommunityPlugins/resource/mp-tvseries/translation/pt_BR/?file
 -> hr: MP-TVSeries\Resources\Languages\hr.xml
https://www.transifex.com/api/2/project/MP1_CommunityPlugins/resource/mp-tvseries/translation/hr/?file
 -> sr: MP-TVSeries\Resources\Languages\sr.xml
https://www.transifex.com/api/2/project/MP1_CommunityPlugins/resource/mp-tvseries/translation/sr/?file
 -> is: MP-TVSeries\Resources\Languages\is.xml
https://www.transifex.com/api/2/project/MP1_CommunityPlugins/resource/mp-tvseries/translation/is/?file
 -> tr: MP-TVSeries\Resources\Languages\tr.xml
https://www.transifex.com/api/2/project/MP1_CommunityPlugins/resource/mp-tvseries/translation/tr/?file
 -> nb: MP-TVSeries\Resources\Languages\nb.xml
https://www.transifex.com/api/2/project/MP1_CommunityPlugins/resource/mp-tvseries/translation/nb/?file
 -> sk: MP-TVSeries\Resources\Languages\sk.xml
https://www.transifex.com/api/2/project/MP1_CommunityPlugins/resource/mp-tvseries/translation/sk/?file
 -> lt: MP-TVSeries\Resources\Languages\lt.xml
https://www.transifex.com/api/2/project/MP1_CommunityPlugins/resource/mp-tvseries/translation/lt/?file
 -> hi: MP-TVSeries\Resources\Languages\hi.xml
https://www.transifex.com/api/2/project/MP1_CommunityPlugins/resource/mp-tvseries/translation/hi/?file
 -> uk: MP-TVSeries\Resources\Languages\uk.xml
https://www.transifex.com/api/2/project/MP1_CommunityPlugins/resource/mp-tvseries/translation/uk/?file
 -> sl: MP-TVSeries\Resources\Languages\sl.xml
https://www.transifex.com/api/2/project/MP1_CommunityPlugins/resource/mp-tvseries/translation/sl/?file
 -> et: MP-TVSeries\Resources\Languages\et.xml
https://www.transifex.com/api/2/project/MP1_CommunityPlugins/resource/mp-tvseries/translation/et/?file
 -> ca: MP-TVSeries\Resources\Languages\ca.xml
https://www.transifex.com/api/2/project/MP1_CommunityPlugins/resource/mp-tvseries/translation/ca/?file
 -> hu: MP-TVSeries\Resources\Languages\hu.xml
https://www.transifex.com/api/2/project/MP1_CommunityPlugins/resource/mp-tvseries/translation/hu/?file
 -> id: MP-TVSeries\Resources\Languages\id.xml
https://www.transifex.com/api/2/project/MP1_CommunityPlugins/resource/mp-tvseries/translation/id/?file
Done.
